npm warn config ignoring workspace config at /workspace/beta-bitebase/apps/frontend/.npmrc

> bitebase-frontend@0.1.0 dev
> next dev --port 12000 --hostname 0.0.0.0

   ▲ Next.js 14.0.4
   - Local:        http://localhost:12000
   - Network:      http://0.0.0.0:12000

 ✓ Ready in 2.6s
 ○ Compiling /auth ...
 ✓ Compiled /auth in 4.2s (986 modules)
 ✓ Compiled in 952ms (506 modules)
 ○ Compiling /not-found ...
 ✓ Compiled /not-found in 1119ms (977 modules)
 ✓ Compiled in 529ms (972 modules)
 ✓ Compiled /not-found in 249ms (977 modules)
 ✓ Compiled in 256ms (977 modules)
 ✓ Compiled in 230ms (977 modules)
 ✓ Compiled in 328ms (977 modules)
 ○ Compiling / ...
 ✓ Compiled / in 1451ms (988 modules)
 ✓ Compiled /not-found in 297ms (993 modules)
 ○ Compiling /dashboard ...
 ✓ Compiled /dashboard in 622ms (1031 modules)
