/workspace/beta-bitebase/node_modules/bindings/bindings.js:135
  throw err;
  ^

Error: Could not locate the bindings file. Tried:
 → /workspace/beta-bitebase/node_modules/sqlite3/build/node_sqlite3.node
 → /workspace/beta-bitebase/node_modules/sqlite3/build/Debug/node_sqlite3.node
 → /workspace/beta-bitebase/node_modules/sqlite3/build/Release/node_sqlite3.node
 → /workspace/beta-bitebase/node_modules/sqlite3/out/Debug/node_sqlite3.node
 → /workspace/beta-bitebase/node_modules/sqlite3/Debug/node_sqlite3.node
 → /workspace/beta-bitebase/node_modules/sqlite3/out/Release/node_sqlite3.node
 → /workspace/beta-bitebase/node_modules/sqlite3/Release/node_sqlite3.node
 → /workspace/beta-bitebase/node_modules/sqlite3/build/default/node_sqlite3.node
 → /workspace/beta-bitebase/node_modules/sqlite3/compiled/22.16.0/linux/x64/node_sqlite3.node
 → /workspace/beta-bitebase/node_modules/sqlite3/addon-build/release/install-root/node_sqlite3.node
 → /workspace/beta-bitebase/node_modules/sqlite3/addon-build/debug/install-root/node_sqlite3.node
 → /workspace/beta-bitebase/node_modules/sqlite3/addon-build/default/install-root/node_sqlite3.node
 → /workspace/beta-bitebase/node_modules/sqlite3/lib/binding/node-v127-linux-x64/node_sqlite3.node
    at bindings (/workspace/beta-bitebase/node_modules/bindings/bindings.js:126:9)
    at Object.<anonymous> (/workspace/beta-bitebase/node_modules/sqlite3/lib/sqlite3-binding.js:1:37)
    at Module._compile (node:internal/modules/cjs/loader:1730:14)
    at Object..js (node:internal/modules/cjs/loader:1895:10)
    at Module.load (node:internal/modules/cjs/loader:1465:32)
    at Function._load (node:internal/modules/cjs/loader:1282:12)
    at TracingChannel.traceSync (node:diagnostics_channel:322:14)
    at wrapModuleLoad (node:internal/modules/cjs/loader:235:24)
    at Module.require (node:internal/modules/cjs/loader:1487:12)
    at require (node:internal/modules/helpers:135:16) {
  tries: [
    '/workspace/beta-bitebase/node_modules/sqlite3/build/node_sqlite3.node',
    '/workspace/beta-bitebase/node_modules/sqlite3/build/Debug/node_sqlite3.node',
    '/workspace/beta-bitebase/node_modules/sqlite3/build/Release/node_sqlite3.node',
    '/workspace/beta-bitebase/node_modules/sqlite3/out/Debug/node_sqlite3.node',
    '/workspace/beta-bitebase/node_modules/sqlite3/Debug/node_sqlite3.node',
    '/workspace/beta-bitebase/node_modules/sqlite3/out/Release/node_sqlite3.node',
    '/workspace/beta-bitebase/node_modules/sqlite3/Release/node_sqlite3.node',
    '/workspace/beta-bitebase/node_modules/sqlite3/build/default/node_sqlite3.node',
    '/workspace/beta-bitebase/node_modules/sqlite3/compiled/22.16.0/linux/x64/node_sqlite3.node',
    '/workspace/beta-bitebase/node_modules/sqlite3/addon-build/release/install-root/node_sqlite3.node',
    '/workspace/beta-bitebase/node_modules/sqlite3/addon-build/debug/install-root/node_sqlite3.node',
    '/workspace/beta-bitebase/node_modules/sqlite3/addon-build/default/install-root/node_sqlite3.node',
    '/workspace/beta-bitebase/node_modules/sqlite3/lib/binding/node-v127-linux-x64/node_sqlite3.node'
  ]
}

Node.js v22.16.0
